Using pre-set license
Built from '2020.3/staging' branch; Version is '2020.3.40f1 (ba48d4efcef1) revision 12208340'; Using compiler version '192528614'; Build Type 'Release'
OS: 'Windows 10  (10.0.19045) 64bit Professional' Language: 'en' Physical Memory: 16045 MB
BatchMode: 1, IsHumanControllingUs: 0, StartBugReporterOnCrash: 0, Is64bit: 1, IsPro: 0

COMMAND LINE ARGUMENTS:
C:\Program Files\Unity 2020.3.40f1\Editor\Unity.exe
-adb2
-batchMode
-noUpm
-name
AssetImportWorker0
-projectPath
C:/Users/ASUS TUF F15/Desktop/Turbo Race/turbo_race_unity_2020.3.30
-logFile
Logs/AssetImportWorker0.log
-srvPort
59292
Successfully changed project path to: C:/Users/ASUS TUF F15/Desktop/Turbo Race/turbo_race_unity_2020.3.30
C:/Users/ASUS TUF F15/Desktop/Turbo Race/turbo_race_unity_2020.3.30
Using Asset Import Pipeline V2.
Refreshing native plugins compatible for Editor in 89.23 ms, found 16 plugins.
Preloading 0 native plugins for Editor in 0.00 ms.
Initialize engine version: 2020.3.40f1 (ba48d4efcef1)
[Subsystems] Discovering subsystems at path C:/Program Files/Unity 2020.3.40f1/Editor/Data/Resources/UnitySubsystems
[Subsystems] Discovering subsystems at path C:/Users/ASUS TUF F15/Desktop/Turbo Race/turbo_race_unity_2020.3.30/Assets
GfxDevice: creating device client; threaded=0
Direct3D:
    Version:  Direct3D 11.0 [level 11.1]
    Renderer: NVIDIA GeForce RTX 3060 Laptop GPU (ID=0x2520)
    Vendor:   
    VRAM:     6023 MB
    Driver:   31.0.15.1691
Initialize mono
Mono path[0] = 'C:/Program Files/Unity 2020.3.40f1/Editor/Data/Managed'
Mono path[1] = 'C:/Program Files/Unity 2020.3.40f1/Editor/Data/MonoBleedingEdge/lib/mono/unityjit'
Mono config path = 'C:/Program Files/Unity 2020.3.40f1/Editor/Data/MonoBleedingEdge/etc'
Using monoOptions --debugger-agent=transport=dt_socket,embedding=1,server=y,suspend=n,address=127.0.0.1:56664
Begin MonoManager ReloadAssembly
Registering precompiled unity dll's ...
Register platform support module: C:/Program Files/Unity 2020.3.40f1/Editor/Data/PlaybackEngines/WindowsStandaloneSupport/UnityEditor.WindowsStandalone.Extensions.dll
Registered in 0.001997 seconds.
Native extension for WindowsStandalone target not found
Refreshing native plugins compatible for Editor in 65.02 ms, found 16 plugins.
Preloading 0 native plugins for Editor in 0.00 ms.
Mono: successfully reloaded assembly
- Completed reload, in  0.590 seconds
Domain Reload Profiling:
	ReloadAssembly (590ms)
		BeginReloadAssembly (63ms)
			ExecutionOrderSort (0ms)
			DisableScriptedObjects (0ms)
			BackupInstance (0ms)
			ReleaseScriptingObjects (0ms)
			CreateAndSetChildDomain (1ms)
		EndReloadAssembly (459ms)
			LoadAssemblies (61ms)
			RebuildTransferFunctionScriptingTraits (0ms)
			SetupTypeCache (129ms)
			ReleaseScriptCaches (0ms)
			RebuildScriptCaches (31ms)
			SetupLoadedEditorAssemblies (191ms)
				LogAssemblyErrors (0ms)
				InitializePlatformSupportModulesInManaged (5ms)
				SetLoadedEditorAssemblies (0ms)
				RefreshPlugins (65ms)
				BeforeProcessingInitializeOnLoad (16ms)
				ProcessInitializeOnLoadAttributes (80ms)
				ProcessInitializeOnLoadMethodAttributes (25ms)
				AfterProcessingInitializeOnLoad (0ms)
				EditorAssembliesLoaded (0ms)
			ExecutionOrderSort2 (0ms)
			AwakeInstancesAfterBackupRestoration (0ms)
Platform modules already initialized, skipping
Registering precompiled user dll's ...
Registered in 0.017278 seconds.
Begin MonoManager ReloadAssembly
Symbol file LoadedFromMemory doesn't match image C:\Users\ASUS TUF F15\Desktop\Turbo Race\turbo_race_unity_2020.3.30\Assets\Plugins\Demigiant\DOTween\DOTween.dll
Symbol file LoadedFromMemory doesn't match image C:\Users\ASUS TUF F15\Desktop\Turbo Race\turbo_race_unity_2020.3.30\Assets\Plugins\Demigiant\DOTween\Editor\DOTweenEditor.dll
Native extension for WindowsStandalone target not found
Refreshing native plugins compatible for Editor in 62.76 ms, found 16 plugins.
Preloading 0 native plugins for Editor in 0.00 ms.
Mono: successfully reloaded assembly
- Completed reload, in  1.286 seconds
Domain Reload Profiling:
	ReloadAssembly (1287ms)
		BeginReloadAssembly (139ms)
			ExecutionOrderSort (0ms)
			DisableScriptedObjects (5ms)
			BackupInstance (0ms)
			ReleaseScriptingObjects (0ms)
			CreateAndSetChildDomain (16ms)
		EndReloadAssembly (1088ms)
			LoadAssemblies (110ms)
			RebuildTransferFunctionScriptingTraits (0ms)
			SetupTypeCache (303ms)
			ReleaseScriptCaches (0ms)
			RebuildScriptCaches (73ms)
			SetupLoadedEditorAssemblies (353ms)
				LogAssemblyErrors (0ms)
				InitializePlatformSupportModulesInManaged (3ms)
				SetLoadedEditorAssemblies (0ms)
				RefreshPlugins (63ms)
				BeforeProcessingInitializeOnLoad (79ms)
				ProcessInitializeOnLoadAttributes (190ms)
				ProcessInitializeOnLoadMethodAttributes (12ms)
				AfterProcessingInitializeOnLoad (6ms)
				EditorAssembliesLoaded (0ms)
			ExecutionOrderSort2 (0ms)
			AwakeInstancesAfterBackupRestoration (0ms)
Platform modules already initialized, skipping
========================================================================
Worker process is ready to serve import requests
Launched and connected shader compiler UnityShaderCompiler.exe after 0.04 seconds
Refreshing native plugins compatible for Editor in 1.29 ms, found 16 plugins.
Preloading 0 native plugins for Editor in 0.00 ms.
Unloading 2419 Unused Serialized files (Serialized files now loaded: 0)
System memory in use before: 210.0 MB.
System memory in use after: 208.3 MB.

Unloading 127 unused Assets to reduce memory usage. Loaded Objects now: 2796.
Total: 3.558400 ms (FindLiveObjects: 0.175800 ms CreateObjectMapping: 0.072900 ms MarkObjects: 2.654800 ms  DeleteObjects: 0.653900 ms)

AssetImportParameters requested are different than current active one (requested -> active):
  custom:framework-win-MediaFoundation: 216162199b28c13a410421893ffa2e32 -> 
  custom:video-decoder-ogg-theora: a1e56fd34408186e4bbccfd4996cb3dc -> 
  custom:container-muxer-webm: aa71ff27fc2769a1b78a27578f13a17b -> 
  custom:container-demuxer-webm: 4f35f7cbe854078d1ac9338744f61a02 -> 
  custom:container-demuxer-ogg: 62fdf1f143b41e24485cea50d1cbac27 -> 
  custom:video-encoder-webm-vp8: eb34c28f22e8b96e1ab97ce403110664 -> 
  custom:video-decoder-webm-vp8: 9c59270c3fd7afecdb556c50c9e8de78 -> 
  custom:audio-decoder-ogg-vorbis: bf7c407c2cedff20999df2af8eb42d56 -> 
  custom:audio-encoder-webm-vorbis: bf7c407c2cedff20999df2af8eb42d56 -> 
========================================================================
Received Import Request.
  path: Assets/Scripts/GameManager.cs
  artifactKey: Guid(4ba504988092f4610b24b43b99ae3f77) Importer(815301076,1909f56bfc062723c751e8b465ee728b)
Start importing Assets/Scripts/GameManager.cs using Guid(4ba504988092f4610b24b43b99ae3f77) Importer(815301076,1909f56bfc062723c751e8b465ee728b)  -> (artifact id: '82e7b7a409a2a58fb8eba306b39675de') in 0.026026 seconds 
========================================================================
Received Import Request.
  Time since last request: 18.237202 seconds.
  path: Assets/Scripts/AI.cs
  artifactKey: Guid(076041a92bf3640ac9151880eec6b70d) Importer(815301076,1909f56bfc062723c751e8b465ee728b)
Start importing Assets/Scripts/AI.cs using Guid(076041a92bf3640ac9151880eec6b70d) Importer(815301076,1909f56bfc062723c751e8b465ee728b)  -> (artifact id: '6e78f72527a5caffe41829893bfb50f7') in 0.002827 seconds 
========================================================================
Received Import Request.
  Time since last request: 94.479209 seconds.
  path: Assets/playnoob-prototype-plugin/Scripts/GameOverPanelControl.cs
  artifactKey: Guid(25f1cb83effdd48a48cb5b758f225e6f) Importer(815301076,1909f56bfc062723c751e8b465ee728b)
Start importing Assets/playnoob-prototype-plugin/Scripts/GameOverPanelControl.cs using Guid(25f1cb83effdd48a48cb5b758f225e6f) Importer(815301076,1909f56bfc062723c751e8b465ee728b)  -> (artifact id: '6ce9401d993df770a4a5bae05e104880') in 0.004277 seconds 
========================================================================
Received Prepare
Registering precompiled user dll's ...
Registered in 0.018755 seconds.
Begin MonoManager ReloadAssembly
Symbol file LoadedFromMemory doesn't match image C:\Users\ASUS TUF F15\Desktop\Turbo Race\turbo_race_unity_2020.3.30\Assets\Plugins\Demigiant\DOTween\DOTween.dll
Symbol file LoadedFromMemory doesn't match image C:\Users\ASUS TUF F15\Desktop\Turbo Race\turbo_race_unity_2020.3.30\Assets\Plugins\Demigiant\DOTween\Editor\DOTweenEditor.dll
Native extension for WindowsStandalone target not found
Refreshing native plugins compatible for Editor in 1.95 ms, found 16 plugins.
Preloading 0 native plugins for Editor in 0.00 ms.
Mono: successfully reloaded assembly
- Completed reload, in  1.126 seconds
Domain Reload Profiling:
	ReloadAssembly (1127ms)
		BeginReloadAssembly (116ms)
			ExecutionOrderSort (0ms)
			DisableScriptedObjects (4ms)
			BackupInstance (0ms)
			ReleaseScriptingObjects (0ms)
			CreateAndSetChildDomain (34ms)
		EndReloadAssembly (946ms)
			LoadAssemblies (112ms)
			RebuildTransferFunctionScriptingTraits (0ms)
			SetupTypeCache (294ms)
			ReleaseScriptCaches (1ms)
			RebuildScriptCaches (44ms)
			SetupLoadedEditorAssemblies (409ms)
				LogAssemblyErrors (0ms)
				InitializePlatformSupportModulesInManaged (4ms)
				SetLoadedEditorAssemblies (0ms)
				RefreshPlugins (2ms)
				BeforeProcessingInitializeOnLoad (79ms)
				ProcessInitializeOnLoadAttributes (305ms)
				ProcessInitializeOnLoadMethodAttributes (12ms)
				AfterProcessingInitializeOnLoad (6ms)
				EditorAssembliesLoaded (0ms)
			ExecutionOrderSort2 (0ms)
			AwakeInstancesAfterBackupRestoration (1ms)
Platform modules already initialized, skipping
Switching build target platform(19) subTarget(0) extendedPlatform(0) -> platform(13) subTarget(537395200) extendedPlatform(0)
Refreshing native plugins compatible for Editor in 1.36 ms, found 16 plugins.
Preloading 0 native plugins for Editor in 0.00 ms.
Unloading 2304 Unused Serialized files (Serialized files now loaded: 0)
System memory in use before: 198.3 MB.
System memory in use after: 196.5 MB.

Unloading 122 unused Assets to reduce memory usage. Loaded Objects now: 2799.
Total: 3.406600 ms (FindLiveObjects: 0.161100 ms CreateObjectMapping: 0.068400 ms MarkObjects: 2.547500 ms  DeleteObjects: 0.628600 ms)

AssetImportParameters requested are different than current active one (requested -> active):
  custom:framework-win-MediaFoundation: 216162199b28c13a410421893ffa2e32 -> 
  custom:video-decoder-ogg-theora: a1e56fd34408186e4bbccfd4996cb3dc -> 
  custom:container-muxer-webm: aa71ff27fc2769a1b78a27578f13a17b -> 
  custom:container-demuxer-webm: 4f35f7cbe854078d1ac9338744f61a02 -> 
  custom:container-demuxer-ogg: 62fdf1f143b41e24485cea50d1cbac27 -> 
  custom:video-encoder-webm-vp8: eb34c28f22e8b96e1ab97ce403110664 -> 
  custom:video-decoder-webm-vp8: 9c59270c3fd7afecdb556c50c9e8de78 -> 
  custom:graphics/normal-map-encoding: 01000000000000000000000000000000 -> 02000000000000000000000000000000
  custom:audio-decoder-ogg-vorbis: bf7c407c2cedff20999df2af8eb42d56 -> 
  custom:audio-encoder-webm-vorbis: bf7c407c2cedff20999df2af8eb42d56 -> 
========================================================================
Received Import Request.
  Time since last request: 29.996978 seconds.
  path: Assets/playnoob-prototype-plugin/Scripts/GameCanvasControl.cs
  artifactKey: Guid(47c5f757d3bde41828e0efb9c10e47a2) Importer(815301076,1909f56bfc062723c751e8b465ee728b)
Start importing Assets/playnoob-prototype-plugin/Scripts/GameCanvasControl.cs using Guid(47c5f757d3bde41828e0efb9c10e47a2) Importer(815301076,1909f56bfc062723c751e8b465ee728b)  -> (artifact id: 'a16b3a7697c51743aeecdda079cf6263') in 0.005018 seconds 
========================================================================
Received Import Request.
  Time since last request: 0.000235 seconds.
  path: Assets/playnoob-prototype-plugin/Scripts/GameOverPanelControl.cs
  artifactKey: Guid(25f1cb83effdd48a48cb5b758f225e6f) Importer(815301076,1909f56bfc062723c751e8b465ee728b)
Start importing Assets/playnoob-prototype-plugin/Scripts/GameOverPanelControl.cs using Guid(25f1cb83effdd48a48cb5b758f225e6f) Importer(815301076,1909f56bfc062723c751e8b465ee728b)  -> (artifact id: 'c8ef9edb328cd15be1340fbca6336f3b') in 0.002191 seconds 
========================================================================
Received Import Request.
  Time since last request: 4.381647 seconds.
  path: Assets/playnoob-prototype-plugin/Scripts/GameplayPanelControl.cs
  artifactKey: Guid(e080a3d08d7aa4a44ab71cc6b77dcac9) Importer(815301076,1909f56bfc062723c751e8b465ee728b)
Start importing Assets/playnoob-prototype-plugin/Scripts/GameplayPanelControl.cs using Guid(e080a3d08d7aa4a44ab71cc6b77dcac9) Importer(815301076,1909f56bfc062723c751e8b465ee728b)  -> (artifact id: 'c4e1b410b06a480357ff1a398f2e8068') in 0.005314 seconds 
========================================================================
Received Prepare
Registering precompiled user dll's ...
Registered in 0.016869 seconds.
Begin MonoManager ReloadAssembly
Symbol file LoadedFromMemory doesn't match image C:\Users\ASUS TUF F15\Desktop\Turbo Race\turbo_race_unity_2020.3.30\Assets\Plugins\Demigiant\DOTween\DOTween.dll
Symbol file LoadedFromMemory doesn't match image C:\Users\ASUS TUF F15\Desktop\Turbo Race\turbo_race_unity_2020.3.30\Assets\Plugins\Demigiant\DOTween\Editor\DOTweenEditor.dll
Native extension for WindowsStandalone target not found
Refreshing native plugins compatible for Editor in 1.34 ms, found 16 plugins.
Preloading 0 native plugins for Editor in 0.00 ms.
Mono: successfully reloaded assembly
- Completed reload, in  1.135 seconds
Domain Reload Profiling:
	ReloadAssembly (1136ms)
		BeginReloadAssembly (135ms)
			ExecutionOrderSort (0ms)
			DisableScriptedObjects (4ms)
			BackupInstance (0ms)
			ReleaseScriptingObjects (0ms)
			CreateAndSetChildDomain (53ms)
		EndReloadAssembly (943ms)
			LoadAssemblies (107ms)
			RebuildTransferFunctionScriptingTraits (0ms)
			SetupTypeCache (288ms)
			ReleaseScriptCaches (1ms)
			RebuildScriptCaches (45ms)
			SetupLoadedEditorAssemblies (404ms)
				LogAssemblyErrors (0ms)
				InitializePlatformSupportModulesInManaged (5ms)
				SetLoadedEditorAssemblies (0ms)
				RefreshPlugins (1ms)
				BeforeProcessingInitializeOnLoad (77ms)
				ProcessInitializeOnLoadAttributes (301ms)
				ProcessInitializeOnLoadMethodAttributes (14ms)
				AfterProcessingInitializeOnLoad (6ms)
				EditorAssembliesLoaded (0ms)
			ExecutionOrderSort2 (0ms)
			AwakeInstancesAfterBackupRestoration (1ms)
Platform modules already initialized, skipping
Switching build target platform(19) subTarget(0) extendedPlatform(0) -> platform(13) subTarget(537395200) extendedPlatform(0)
Refreshing native plugins compatible for Editor in 1.36 ms, found 16 plugins.
Preloading 0 native plugins for Editor in 0.00 ms.
Unloading 2304 Unused Serialized files (Serialized files now loaded: 0)
System memory in use before: 198.3 MB.
System memory in use after: 196.6 MB.

Unloading 122 unused Assets to reduce memory usage. Loaded Objects now: 2802.
Total: 3.727400 ms (FindLiveObjects: 0.176700 ms CreateObjectMapping: 0.055700 ms MarkObjects: 2.804200 ms  DeleteObjects: 0.689800 ms)

AssetImportParameters requested are different than current active one (requested -> active):
  custom:framework-win-MediaFoundation: 216162199b28c13a410421893ffa2e32 -> 
  custom:video-decoder-ogg-theora: a1e56fd34408186e4bbccfd4996cb3dc -> 
  custom:container-muxer-webm: aa71ff27fc2769a1b78a27578f13a17b -> 
  custom:container-demuxer-webm: 4f35f7cbe854078d1ac9338744f61a02 -> 
  custom:container-demuxer-ogg: 62fdf1f143b41e24485cea50d1cbac27 -> 
  custom:video-encoder-webm-vp8: eb34c28f22e8b96e1ab97ce403110664 -> 
  custom:video-decoder-webm-vp8: 9c59270c3fd7afecdb556c50c9e8de78 -> 
  custom:graphics/normal-map-encoding: 01000000000000000000000000000000 -> 02000000000000000000000000000000
  custom:audio-decoder-ogg-vorbis: bf7c407c2cedff20999df2af8eb42d56 -> 
  custom:audio-encoder-webm-vorbis: bf7c407c2cedff20999df2af8eb42d56 -> 
========================================================================
Received Import Request.
  Time since last request: 33.488738 seconds.
  path: Assets/playnoob-prototype-plugin/Scripts/GameOverPanelControl.cs
  artifactKey: Guid(25f1cb83effdd48a48cb5b758f225e6f) Importer(815301076,1909f56bfc062723c751e8b465ee728b)
Start importing Assets/playnoob-prototype-plugin/Scripts/GameOverPanelControl.cs using Guid(25f1cb83effdd48a48cb5b758f225e6f) Importer(815301076,1909f56bfc062723c751e8b465ee728b)  -> (artifact id: 'c8ed0a87b03320a4534d3bf9efb50b6e') in 0.004908 seconds 
========================================================================
Received Prepare
Registering precompiled user dll's ...
Registered in 0.016327 seconds.
Begin MonoManager ReloadAssembly
Symbol file LoadedFromMemory doesn't match image C:\Users\ASUS TUF F15\Desktop\Turbo Race\turbo_race_unity_2020.3.30\Assets\Plugins\Demigiant\DOTween\DOTween.dll
Symbol file LoadedFromMemory doesn't match image C:\Users\ASUS TUF F15\Desktop\Turbo Race\turbo_race_unity_2020.3.30\Assets\Plugins\Demigiant\DOTween\Editor\DOTweenEditor.dll
Native extension for WindowsStandalone target not found
Refreshing native plugins compatible for Editor in 1.35 ms, found 16 plugins.
Preloading 0 native plugins for Editor in 0.00 ms.
Mono: successfully reloaded assembly
- Completed reload, in  1.121 seconds
Domain Reload Profiling:
	ReloadAssembly (1121ms)
		BeginReloadAssembly (110ms)
			ExecutionOrderSort (0ms)
			DisableScriptedObjects (4ms)
			BackupInstance (0ms)
			ReleaseScriptingObjects (0ms)
			CreateAndSetChildDomain (32ms)
		EndReloadAssembly (954ms)
			LoadAssemblies (108ms)
			RebuildTransferFunctionScriptingTraits (0ms)
			SetupTypeCache (298ms)
			ReleaseScriptCaches (1ms)
			RebuildScriptCaches (42ms)
			SetupLoadedEditorAssemblies (405ms)
				LogAssemblyErrors (0ms)
				InitializePlatformSupportModulesInManaged (5ms)
				SetLoadedEditorAssemblies (0ms)
				RefreshPlugins (1ms)
				BeforeProcessingInitializeOnLoad (79ms)
				ProcessInitializeOnLoadAttributes (299ms)
				ProcessInitializeOnLoadMethodAttributes (13ms)
				AfterProcessingInitializeOnLoad (6ms)
				EditorAssembliesLoaded (0ms)
			ExecutionOrderSort2 (0ms)
			AwakeInstancesAfterBackupRestoration (1ms)
Platform modules already initialized, skipping
Switching build target platform(19) subTarget(0) extendedPlatform(0) -> platform(13) subTarget(537395200) extendedPlatform(0)
Refreshing native plugins compatible for Editor in 1.38 ms, found 16 plugins.
Preloading 0 native plugins for Editor in 0.00 ms.
Unloading 2304 Unused Serialized files (Serialized files now loaded: 0)
System memory in use before: 198.3 MB.
System memory in use after: 196.6 MB.

Unloading 122 unused Assets to reduce memory usage. Loaded Objects now: 2805.
Total: 3.641400 ms (FindLiveObjects: 0.156400 ms CreateObjectMapping: 0.056000 ms MarkObjects: 2.716200 ms  DeleteObjects: 0.711900 ms)

AssetImportParameters requested are different than current active one (requested -> active):
  custom:framework-win-MediaFoundation: 216162199b28c13a410421893ffa2e32 -> 
  custom:video-decoder-ogg-theora: a1e56fd34408186e4bbccfd4996cb3dc -> 
  custom:container-muxer-webm: aa71ff27fc2769a1b78a27578f13a17b -> 
  custom:container-demuxer-webm: 4f35f7cbe854078d1ac9338744f61a02 -> 
  custom:container-demuxer-ogg: 62fdf1f143b41e24485cea50d1cbac27 -> 
  custom:video-encoder-webm-vp8: eb34c28f22e8b96e1ab97ce403110664 -> 
  custom:video-decoder-webm-vp8: 9c59270c3fd7afecdb556c50c9e8de78 -> 
  custom:graphics/normal-map-encoding: 01000000000000000000000000000000 -> 02000000000000000000000000000000
  custom:audio-decoder-ogg-vorbis: bf7c407c2cedff20999df2af8eb42d56 -> 
  custom:audio-encoder-webm-vorbis: bf7c407c2cedff20999df2af8eb42d56 -> 
========================================================================
Received Prepare
Refreshing native plugins compatible for Editor in 32.45 ms, found 16 plugins.
Preloading 0 native plugins for Editor in 0.00 ms.
Unloading 119 Unused Serialized files (Serialized files now loaded: 0)
System memory in use before: 155.2 MB.
System memory in use after: 153.5 MB.

Unloading 119 unused Assets to reduce memory usage. Loaded Objects now: 2805.
Total: 4.316100 ms (FindLiveObjects: 0.197200 ms CreateObjectMapping: 0.069700 ms MarkObjects: 3.098800 ms  DeleteObjects: 0.949300 ms)

AssetImportParameters requested are different than current active one (requested -> active):
  custom:framework-win-MediaFoundation: 216162199b28c13a410421893ffa2e32 -> 
  custom:video-decoder-ogg-theora: a1e56fd34408186e4bbccfd4996cb3dc -> 
  custom:container-muxer-webm: aa71ff27fc2769a1b78a27578f13a17b -> 
  custom:container-demuxer-webm: 4f35f7cbe854078d1ac9338744f61a02 -> 
  custom:container-demuxer-ogg: 62fdf1f143b41e24485cea50d1cbac27 -> 
  custom:video-encoder-webm-vp8: eb34c28f22e8b96e1ab97ce403110664 -> 
  custom:video-decoder-webm-vp8: 9c59270c3fd7afecdb556c50c9e8de78 -> 
  custom:audio-decoder-ogg-vorbis: bf7c407c2cedff20999df2af8eb42d56 -> 
  custom:audio-encoder-webm-vorbis: bf7c407c2cedff20999df2af8eb42d56 -> 
========================================================================
Received Import Request.
  Time since last request: 1019.671413 seconds.
  path: Assets/GoogleMobileAds/Resources/GoogleMobileAdsSettings.asset
  artifactKey: Guid(747c2228c8bccaa45b80d5fb67457c23) Importer(815301076,1909f56bfc062723c751e8b465ee728b)
Start importing Assets/GoogleMobileAds/Resources/GoogleMobileAdsSettings.asset using Guid(747c2228c8bccaa45b80d5fb67457c23) Importer(815301076,1909f56bfc062723c751e8b465ee728b)  -> (artifact id: '7fe9f8c35b5e7c96af1aa20b30ba320d') in 0.381440 seconds 
========================================================================
Received Import Request.
  Time since last request: 37.034581 seconds.
  path: Assets/GoogleMobileAds/Resources/GoogleMobileAdsSettings.asset
  artifactKey: Guid(747c2228c8bccaa45b80d5fb67457c23) Importer(815301076,1909f56bfc062723c751e8b465ee728b)
Start importing Assets/GoogleMobileAds/Resources/GoogleMobileAdsSettings.asset using Guid(747c2228c8bccaa45b80d5fb67457c23) Importer(815301076,1909f56bfc062723c751e8b465ee728b)  -> (artifact id: 'd1d96e8f2bbf962f560e5368a1b9fcd9') in 0.004405 seconds 
========================================================================
Received Import Request.
  Time since last request: 1.097549 seconds.
  path: Assets/GoogleMobileAds/Resources/GoogleMobileAdsSettings.asset
  artifactKey: Guid(747c2228c8bccaa45b80d5fb67457c23) Importer(815301076,1909f56bfc062723c751e8b465ee728b)
Start importing Assets/GoogleMobileAds/Resources/GoogleMobileAdsSettings.asset using Guid(747c2228c8bccaa45b80d5fb67457c23) Importer(815301076,1909f56bfc062723c751e8b465ee728b)  -> (artifact id: 'e4a815573ca362f6e8f2c95f6b47e49b') in 0.002546 seconds 
========================================================================
Received Import Request.
  Time since last request: 35.816345 seconds.
  path: Assets/GoogleMobileAds/Resources/GoogleMobileAdsSettings.asset
  artifactKey: Guid(747c2228c8bccaa45b80d5fb67457c23) Importer(815301076,1909f56bfc062723c751e8b465ee728b)
Start importing Assets/GoogleMobileAds/Resources/GoogleMobileAdsSettings.asset using Guid(747c2228c8bccaa45b80d5fb67457c23) Importer(815301076,1909f56bfc062723c751e8b465ee728b)  -> (artifact id: '05de9777fe5048a22f6ce4d6a4af1d2b') in 0.003350 seconds 
========================================================================
Received Prepare
Refreshing native plugins compatible for Editor in 35.12 ms, found 16 plugins.
Preloading 0 native plugins for Editor in 0.00 ms.
Unloading 119 Unused Serialized files (Serialized files now loaded: 0)
System memory in use before: 155.2 MB.
System memory in use after: 153.5 MB.

Unloading 119 unused Assets to reduce memory usage. Loaded Objects now: 2806.
Total: 61.685300 ms (FindLiveObjects: 0.180300 ms CreateObjectMapping: 0.063200 ms MarkObjects: 60.608900 ms  DeleteObjects: 0.830700 ms)

AssetImportParameters requested are different than current active one (requested -> active):
  custom:framework-win-MediaFoundation: 216162199b28c13a410421893ffa2e32 -> 
  custom:video-decoder-ogg-theora: a1e56fd34408186e4bbccfd4996cb3dc -> 
  custom:container-muxer-webm: aa71ff27fc2769a1b78a27578f13a17b -> 
  custom:container-demuxer-webm: 4f35f7cbe854078d1ac9338744f61a02 -> 
  custom:container-demuxer-ogg: 62fdf1f143b41e24485cea50d1cbac27 -> 
  custom:video-encoder-webm-vp8: eb34c28f22e8b96e1ab97ce403110664 -> 
  custom:video-decoder-webm-vp8: 9c59270c3fd7afecdb556c50c9e8de78 -> 
  custom:audio-decoder-ogg-vorbis: bf7c407c2cedff20999df2af8eb42d56 -> 
  custom:audio-encoder-webm-vorbis: bf7c407c2cedff20999df2af8eb42d56 -> 
========================================================================
Received Import Request.
  Time since last request: 1215.372631 seconds.
  path: Assets/playnoob-prototype-plugin/Scenes
  artifactKey: Guid(e34d650fc46d141e1af6b77f967e8aa7) Importer(815301076,1909f56bfc062723c751e8b465ee728b)
Start importing Assets/playnoob-prototype-plugin/Scenes using Guid(e34d650fc46d141e1af6b77f967e8aa7) Importer(815301076,1909f56bfc062723c751e8b465ee728b)  -> (artifact id: '0480569e6737e5588ed3efb28ec283e1') in 0.019948 seconds 
========================================================================
Received Import Request.
  Time since last request: 12.280518 seconds.
  path: Assets/Scenes/Level_01.unity
  artifactKey: Guid(b53fe025c5ee346acb4c9827335a204d) Importer(815301076,1909f56bfc062723c751e8b465ee728b)
Start importing Assets/Scenes/Level_01.unity using Guid(b53fe025c5ee346acb4c9827335a204d) Importer(815301076,1909f56bfc062723c751e8b465ee728b)  -> (artifact id: '10d2a6d84aae9b050526d14325d1bc2b') in 0.007203 seconds 
========================================================================
Received Import Request.
  Time since last request: 3.952427 seconds.
  path: Assets/Scenes/Level_03.unity
  artifactKey: Guid(1c3abbf1054c542239246fd7cd9797d1) Importer(815301076,1909f56bfc062723c751e8b465ee728b)
Start importing Assets/Scenes/Level_03.unity using Guid(1c3abbf1054c542239246fd7cd9797d1) Importer(815301076,1909f56bfc062723c751e8b465ee728b)  -> (artifact id: '02f949f8ee3e765f61b041f7fda2a7b4') in 0.005400 seconds 
========================================================================
Received Import Request.
  Time since last request: 3.730698 seconds.
  path: Assets/Scenes/Init.unity
  artifactKey: Guid(4f4c032368bc94bdb966258edd5a56d2) Importer(815301076,1909f56bfc062723c751e8b465ee728b)
Start importing Assets/Scenes/Init.unity using Guid(4f4c032368bc94bdb966258edd5a56d2) Importer(815301076,1909f56bfc062723c751e8b465ee728b)  -> (artifact id: '22664184664071e9fea7441e31d77d2e') in 0.003644 seconds 
========================================================================
Received Prepare
Refreshing native plugins compatible for Editor in 37.05 ms, found 16 plugins.
Preloading 0 native plugins for Editor in 0.00 ms.
Unloading 119 Unused Serialized files (Serialized files now loaded: 0)
System memory in use before: 155.2 MB.
System memory in use after: 153.5 MB.

Unloading 119 unused Assets to reduce memory usage. Loaded Objects now: 2806.
Total: 41.806600 ms (FindLiveObjects: 0.169200 ms CreateObjectMapping: 0.060200 ms MarkObjects: 40.729800 ms  DeleteObjects: 0.844500 ms)

AssetImportParameters requested are different than current active one (requested -> active):
  custom:framework-win-MediaFoundation: 216162199b28c13a410421893ffa2e32 -> 
  custom:video-decoder-ogg-theora: a1e56fd34408186e4bbccfd4996cb3dc -> 
  custom:container-muxer-webm: aa71ff27fc2769a1b78a27578f13a17b -> 
  custom:container-demuxer-webm: 4f35f7cbe854078d1ac9338744f61a02 -> 
  custom:container-demuxer-ogg: 62fdf1f143b41e24485cea50d1cbac27 -> 
  custom:video-encoder-webm-vp8: eb34c28f22e8b96e1ab97ce403110664 -> 
  custom:video-decoder-webm-vp8: 9c59270c3fd7afecdb556c50c9e8de78 -> 
  custom:audio-decoder-ogg-vorbis: bf7c407c2cedff20999df2af8eb42d56 -> 
  custom:audio-encoder-webm-vorbis: bf7c407c2cedff20999df2af8eb42d56 -> 
========================================================================
Received Prepare
Registering precompiled user dll's ...
Registered in 0.021438 seconds.
Begin MonoManager ReloadAssembly
Symbol file LoadedFromMemory doesn't match image C:\Users\ASUS TUF F15\Desktop\Turbo Race\turbo_race_unity_2020.3.30\Assets\Plugins\Demigiant\DOTween\DOTween.dll
Symbol file LoadedFromMemory doesn't match image C:\Users\ASUS TUF F15\Desktop\Turbo Race\turbo_race_unity_2020.3.30\Assets\Plugins\Demigiant\DOTween\Editor\DOTweenEditor.dll
Native extension for WindowsStandalone target not found
Refreshing native plugins compatible for Editor in 1.41 ms, found 16 plugins.
Preloading 0 native plugins for Editor in 0.00 ms.
Mono: successfully reloaded assembly
- Completed reload, in  1.514 seconds
Domain Reload Profiling:
	ReloadAssembly (1520ms)
		BeginReloadAssembly (363ms)
			ExecutionOrderSort (0ms)
			DisableScriptedObjects (40ms)
			BackupInstance (0ms)
			ReleaseScriptingObjects (0ms)
			CreateAndSetChildDomain (190ms)
		EndReloadAssembly (1085ms)
			LoadAssemblies (141ms)
			RebuildTransferFunctionScriptingTraits (0ms)
			SetupTypeCache (335ms)
			ReleaseScriptCaches (2ms)
			RebuildScriptCaches (49ms)
			SetupLoadedEditorAssemblies (450ms)
				LogAssemblyErrors (0ms)
				InitializePlatformSupportModulesInManaged (5ms)
				SetLoadedEditorAssemblies (1ms)
				RefreshPlugins (1ms)
				BeforeProcessingInitializeOnLoad (88ms)
				ProcessInitializeOnLoadAttributes (334ms)
				ProcessInitializeOnLoadMethodAttributes (13ms)
				AfterProcessingInitializeOnLoad (7ms)
				EditorAssembliesLoaded (0ms)
			ExecutionOrderSort2 (0ms)
			AwakeInstancesAfterBackupRestoration (1ms)
Platform modules already initialized, skipping
Switching build target platform(19) subTarget(0) extendedPlatform(0) -> platform(13) subTarget(537395200) extendedPlatform(0)
Refreshing native plugins compatible for Editor in 1.38 ms, found 16 plugins.
Preloading 0 native plugins for Editor in 0.00 ms.
Unloading 2304 Unused Serialized files (Serialized files now loaded: 0)
System memory in use before: 198.4 MB.
System memory in use after: 196.6 MB.

Unloading 122 unused Assets to reduce memory usage. Loaded Objects now: 2809.
Total: 3.605600 ms (FindLiveObjects: 0.164600 ms CreateObjectMapping: 0.065700 ms MarkObjects: 2.595600 ms  DeleteObjects: 0.777100 ms)

AssetImportParameters requested are different than current active one (requested -> active):
  custom:framework-win-MediaFoundation: 216162199b28c13a410421893ffa2e32 -> 
  custom:video-decoder-ogg-theora: a1e56fd34408186e4bbccfd4996cb3dc -> 
  custom:container-muxer-webm: aa71ff27fc2769a1b78a27578f13a17b -> 
  custom:container-demuxer-webm: 4f35f7cbe854078d1ac9338744f61a02 -> 
  custom:container-demuxer-ogg: 62fdf1f143b41e24485cea50d1cbac27 -> 
  custom:video-encoder-webm-vp8: eb34c28f22e8b96e1ab97ce403110664 -> 
  custom:video-decoder-webm-vp8: 9c59270c3fd7afecdb556c50c9e8de78 -> 
  custom:graphics/normal-map-encoding: 01000000000000000000000000000000 -> 02000000000000000000000000000000
  custom:audio-decoder-ogg-vorbis: bf7c407c2cedff20999df2af8eb42d56 -> 
  custom:audio-encoder-webm-vorbis: bf7c407c2cedff20999df2af8eb42d56 -> 
AssetImportWorkerClient::OnTransportError - code=2 error=End of file
